TN:
SF:src/app/core/chat-session.service.ts
FN:38,(anonymous_0)
FN:40,(anonymous_1)
FN:44,(anonymous_2)
FN:48,(anonymous_3)
FN:53,(anonymous_4)
FN:61,(anonymous_5)
FN:66,(anonymous_6)
FN:70,(anonymous_7)
FN:75,(anonymous_8)
FN:86,(anonymous_9)
FN:87,(anonymous_10)
FN:93,(anonymous_11)
FN:98,(anonymous_12)
FN:99,(anonymous_13)
FN:103,(anonymous_14)
FN:107,(anonymous_15)
FN:112,(anonymous_16)
FN:123,(anonymous_17)
FN:125,(anonymous_18)
FN:145,(anonymous_19)
FN:157,(anonymous_20)
FN:169,(anonymous_21)
FN:170,(anonymous_22)
FNF:23
FNH:20
FNDA:8,(anonymous_0)
FNDA:1,(anonymous_1)
FNDA:0,(anonymous_2)
FNDA:11,(anonymous_3)
FNDA:7,(anonymous_4)
FNDA:5,(anonymous_5)
FNDA:1,(anonymous_6)
FNDA:6,(anonymous_7)
FNDA:6,(anonymous_8)
FNDA:3,(anonymous_9)
FNDA:1,(anonymous_10)
FNDA:4,(anonymous_11)
FNDA:1,(anonymous_12)
FNDA:2,(anonymous_13)
FNDA:2,(anonymous_14)
FNDA:0,(anonymous_15)
FNDA:0,(anonymous_16)
FNDA:8,(anonymous_17)
FNDA:8,(anonymous_18)
FNDA:1,(anonymous_19)
FNDA:13,(anonymous_20)
FNDA:1,(anonymous_21)
FNDA:2,(anonymous_22)
DA:19,1
DA:20,8
DA:21,8
DA:22,8
DA:23,8
DA:24,8
DA:25,8
DA:27,8
DA:28,8
DA:29,8
DA:30,8
DA:31,8
DA:32,8
DA:34,8
DA:35,8
DA:36,8
DA:38,8
DA:41,1
DA:45,0
DA:49,11
DA:54,7
DA:55,1
DA:57,6
DA:58,6
DA:62,5
DA:63,5
DA:64,5
DA:67,1
DA:68,1
DA:70,6
DA:76,6
DA:77,6
DA:78,2
DA:80,4
DA:81,4
DA:82,4
DA:83,4
DA:86,3
DA:88,1
DA:89,1
DA:90,1
DA:91,1
DA:93,4
DA:99,2
DA:100,1
DA:101,0
DA:103,2
DA:104,1
DA:108,0
DA:113,0
DA:114,0
DA:115,0
DA:116,0
DA:117,0
DA:118,0
DA:119,0
DA:120,0
DA:124,8
DA:125,8
DA:126,8
DA:133,8
DA:134,8
DA:135,0
DA:137,8
DA:138,1
DA:140,8
DA:141,1
DA:146,1
DA:147,1
DA:150,1
DA:151,1
DA:153,0
DA:154,0
DA:158,13
DA:165,13
DA:166,13
DA:170,2
LF:77
LH:63
BRDA:54,0,0,1
BRDA:54,1,0,7
BRDA:54,1,1,6
BRDA:77,2,0,2
BRDA:77,3,0,6
BRDA:77,3,1,5
BRDA:77,3,2,5
BRDA:99,4,0,2
BRDA:99,4,1,1
BRDA:100,5,0,0
BRDA:124,6,0,8
BRDA:124,6,1,0
BRDA:130,7,0,8
BRDA:130,7,1,0
BRDA:133,8,0,8
BRDA:133,8,1,0
BRDA:134,9,0,0
BRDA:137,10,0,1
BRDA:140,11,0,1
BRDA:147,12,0,1
BRDA:147,13,0,1
BRDA:147,13,1,1
BRDA:170,14,0,1
BRDA:170,14,1,1
BRF:24
BRH:19
end_of_record
TN:
SF:src/app/core/orchestrator-client.service.ts
FN:24,(anonymous_0)
FN:26,(anonymous_1)
FN:30,(anonymous_2)
FN:36,(anonymous_3)
FN:42,(anonymous_4)
FN:47,(anonymous_5)
FN:59,correlationId
FNF:7
FNH:6
FNDA:5,(anonymous_0)
FNDA:3,(anonymous_1)
FNDA:1,(anonymous_2)
FNDA:0,(anonymous_3)
FNDA:4,(anonymous_4)
FNDA:4,(anonymous_5)
FNDA:4,correlationId
DA:8,1
DA:23,1
DA:24,5
DA:27,3
DA:31,1
DA:37,0
DA:43,4
DA:44,4
DA:48,4
DA:52,4
DA:53,3
DA:55,4
DA:60,4
DA:61,4
DA:62,4
DA:65,0
LF:16
LH:14
BRDA:44,0,0,3
BRDA:44,0,1,1
BRDA:52,1,0,3
BRDA:60,2,0,4
BRDA:60,2,1,0
BRDA:61,3,0,4
BRDA:61,4,0,4
BRDA:61,4,1,4
BRF:8
BRH:7
end_of_record
TN:
SF:src/app/core/transcript-export.service.ts
FN:14,(anonymous_0)
FN:36,(anonymous_1)
FN:48,(anonymous_2)
FN:51,(anonymous_3)
FN:59,label
FN:75,flattenData
FN:80,(anonymous_6)
FN:83,(anonymous_7)
FN:91,isRecord
FN:95,summariseRecord
FN:97,(anonymous_10)
FNF:11
FNH:9
FNDA:1,(anonymous_0)
FNDA:0,(anonymous_1)
FNDA:0,(anonymous_2)
FNDA:1,(anonymous_3)
FNDA:3,label
FNDA:7,flattenData
FNDA:2,(anonymous_6)
FNDA:2,(anonymous_7)
FNDA:10,isRecord
FNDA:2,summariseRecord
FNDA:4,(anonymous_10)
DA:13,1
DA:15,1
DA:16,1
DA:17,1
DA:18,1
DA:19,1
DA:21,1
DA:22,1
DA:23,4
DA:24,1
DA:26,3
DA:27,3
DA:28,2
DA:31,1
DA:32,1
DA:33,1
DA:37,0
DA:38,0
DA:39,0
DA:40,0
DA:41,0
DA:42,0
DA:43,0
DA:44,0
DA:45,0
DA:46,0
DA:48,0
DA:52,1
DA:53,1
DA:54,1
DA:55,1
DA:60,3
DA:62,1
DA:64,2
DA:66,0
DA:76,7
DA:77,4
DA:79,3
DA:80,2
DA:82,2
DA:83,1
DA:84,2
DA:85,2
DA:88,1
DA:92,10
DA:96,2
DA:97,4
LF:47
LH:35
BRDA:17,0,0,1
BRDA:17,0,1,0
BRDA:18,1,0,1
BRDA:23,2,0,1
BRDA:51,3,0,0
BRDA:60,4,0,1
BRDA:60,4,1,2
BRDA:60,4,2,0
BRDA:76,5,0,4
BRDA:76,6,0,7
BRDA:76,6,1,3
BRDA:79,7,0,1
BRDA:80,8,0,2
BRDA:80,8,1,0
BRDA:82,9,0,1
BRDA:85,10,0,0
BRDA:85,10,1,2
BRDA:85,11,0,2
BRDA:85,11,1,2
BRDA:92,12,0,10
BRDA:92,12,1,3
BRDA:92,12,2,3
BRDA:97,13,0,0
BRDA:97,13,1,4
BRDA:97,14,0,4
BRDA:97,14,1,4
BRF:26
BRH:20
end_of_record
TN:
SF:src/app/core/widget-config.ts
FNF:0
FNH:0
DA:18,1
DA:24,1
LF:2
LH:2
BRF:0
BRH:0
end_of_record
TN:
SF:src/app/models/chat.ts
FNF:0
FNH:0
DA:20,1
LF:1
LH:1
BRF:0
BRH:0
end_of_record
TN:
SF:src/app/panel/chat-panel/chat-panel.component.ts
FN:24,(anonymous_0)
FN:30,(anonymous_1)
FN:41,(anonymous_2)
FNF:3
FNH:1
FNDA:1,(anonymous_0)
FNDA:0,(anonymous_1)
FNDA:0,(anonymous_2)
DA:14,1
DA:15,1
DA:17,1
DA:18,1
DA:19,1
DA:20,1
DA:21,1
DA:22,1
DA:25,1
DA:26,1
DA:27,1
DA:31,0
DA:32,0
DA:33,0
DA:34,0
DA:36,0
DA:37,0
DA:38,0
DA:42,0
DA:43,0
LF:20
LH:11
BRDA:32,0,0,0
BRF:1
BRH:0
end_of_record
TN:
SF:src/app/panel/composer/composer.component.ts
FN:61,(anonymous_0)
FN:68,(anonymous_1)
FN:77,(anonymous_2)
FNF:3
FNH:1
FNDA:1,(anonymous_0)
FNDA:0,(anonymous_1)
FNDA:0,(anonymous_2)
DA:61,1
DA:62,1
DA:63,1
DA:65,1
DA:66,1
DA:69,0
DA:70,0
DA:71,0
DA:73,0
DA:74,0
DA:78,0
DA:79,0
DA:80,0
DA:82,0
DA:83,0
LF:15
LH:5
BRDA:70,0,0,0
BRDA:79,1,0,0
BRDA:79,2,0,0
BRDA:79,2,1,0
BRF:4
BRH:0
end_of_record
TN:
SF:src/app/panel/disclosure-notice/disclosure-notice.component.ts
FN:36,(anonymous_0)
FNF:1
FNH:0
FNDA:0,(anonymous_0)
DA:36,1
DA:37,0
LF:2
LH:1
BRF:0
BRH:0
end_of_record
TN:
SF:src/app/panel/handoff-banner/handoff-banner.component.ts
FNF:0
FNH:0
DA:53,1
LF:1
LH:1
BRF:0
BRH:0
end_of_record
TN:
SF:src/app/panel/message-bubble/message-bubble.component.ts
FN:26,(anonymous_0)
FN:30,(anonymous_1)
FN:34,(anonymous_2)
FNF:3
FNH:3
FNDA:1,(anonymous_0)
FNDA:1,(anonymous_1)
FNDA:1,(anonymous_2)
DA:26,1
DA:28,1
DA:31,1
DA:35,1
LF:4
LH:4
BRDA:31,0,0,0
BRDA:31,0,1,1
BRDA:31,1,0,1
BRDA:31,1,1,0
BRF:4
BRH:2
end_of_record
TN:
SF:src/app/panel/message-list/message-list.component.ts
FN:34,(anonymous_0)
FN:41,(anonymous_1)
FN:45,(anonymous_2)
FNF:3
FNH:3
FNDA:1,(anonymous_0)
FNDA:1,(anonymous_1)
FNDA:2,(anonymous_2)
DA:34,1
DA:35,1
DA:36,1
DA:39,1
DA:42,1
DA:48,2
DA:49,1
DA:50,1
DA:51,1
LF:9
LH:9
BRDA:48,0,0,1
BRDA:48,1,0,2
BRDA:48,1,1,1
BRF:3
BRH:3
end_of_record
TN:
SF:src/app/panel/quick-replies/quick-replies.component.ts
FN:39,(anonymous_0)
FNF:1
FNH:1
FNDA:1,(anonymous_0)
DA:39,1
DA:40,1
DA:41,1
LF:3
LH:3
BRF:0
BRH:0
end_of_record
TN:
SF:src/app/panel/typing-indicator/typing-indicator.component.ts
FNF:0
FNH:0
DA:55,1
LF:1
LH:1
BRF:0
BRH:0
end_of_record
TN:
SF:src/app/widget/iris-widget.component.ts
FN:56,(anonymous_0)
FN:62,(anonymous_1)
FN:69,(anonymous_2)
FN:89,(anonymous_3)
FN:33,(anonymous_5)
FNF:5
FNH:5
FNDA:2,(anonymous_0)
FNDA:2,(anonymous_1)
FNDA:1,(anonymous_2)
FNDA:1,(anonymous_3)
FNDA:2,(anonymous_5)
DA:33,2
DA:39,1
DA:40,2
DA:41,2
DA:43,2
DA:45,2
DA:47,2
DA:50,2
DA:51,2
DA:53,2
DA:54,2
DA:57,2
DA:58,2
DA:59,2
DA:63,2
DA:64,2
DA:65,0
DA:70,1
DA:71,1
DA:73,1
DA:74,0
DA:76,1
DA:77,1
DA:78,1
DA:79,1
DA:81,0
DA:84,1
DA:85,0
DA:90,1
DA:91,1
DA:92,0
DA:94,1
DA:95,1
DA:96,1
DA:97,1
DA:99,0
LF:36
LH:30
BRDA:63,0,0,2
BRDA:63,0,1,2
BRDA:64,1,0,0
BRDA:64,2,0,2
BRDA:64,2,1,2
BRDA:64,2,2,2
BRDA:70,3,0,1
BRDA:70,4,0,1
BRDA:70,4,1,1
BRDA:73,5,0,0
BRDA:73,6,0,1
BRDA:73,6,1,0
BRDA:76,7,0,1
BRDA:78,8,0,1
BRDA:78,8,1,0
BRDA:79,9,0,0
BRDA:79,10,0,1
BRDA:79,10,1,0
BRDA:84,11,0,0
BRDA:84,12,0,1
BRDA:84,12,1,0
BRDA:84,12,2,0
BRDA:90,13,0,1
BRDA:90,13,1,1
BRDA:91,14,0,0
BRDA:95,15,0,1
BRDA:95,15,1,0
BRF:27
BRH:16
end_of_record
TN:
SF:src/app/widget/launcher/launcher.component.ts
FN:55,(anonymous_0)
FNF:1
FNH:1
FNDA:2,(anonymous_0)
DA:55,1
DA:56,2
DA:57,2
LF:3
LH:3
BRF:0
BRH:0
end_of_record
TN:
SF:src/environments/environment.ts
FNF:0
FNH:0
DA:1,1
LF:1
LH:1
BRF:0
BRH:0
end_of_record
